2015/03/21 13:10:06 [error] [exception.CHttpException.404] exception 'CHttpException' with message 'The system is unable to find the requested action "page".' in D:\OpenServer\domains\localhost\intuit(clone)\framework\web\CController.php:483
Stack trace:
#0 D:\OpenServer\domains\localhost\intuit(clone)\framework\web\CController.php(270): CController->missingAction('page')
#1 D:\OpenServer\domains\localhost\intuit(clone)\framework\web\CWebApplication.php(282): CController->run('page')
#2 D:\OpenServer\domains\localhost\intuit(clone)\framework\web\CWebApplication.php(141): CWebApplication->runController('site/page')
#3 D:\OpenServer\domains\localhost\intuit(clone)\framework\base\CApplication.php(184): CWebApplication->processRequest()
#4 D:\OpenServer\domains\localhost\intuit(clone)\index.php(13): CApplication->run()
#5 {main}
REQUEST_URI=/intuit(clone)/index.php?r=site/page&view=about
HTTP_REFERER=http://localhost/intuit(clone)/
---
2015/03/21 13:10:08 [error] [exception.CHttpException.404] exception 'CHttpException' with message 'The system is unable to find the requested action "contact".' in D:\OpenServer\domains\localhost\intuit(clone)\framework\web\CController.php:483
Stack trace:
#0 D:\OpenServer\domains\localhost\intuit(clone)\framework\web\CController.php(270): CController->missingAction('contact')
#1 D:\OpenServer\domains\localhost\intuit(clone)\framework\web\CWebApplication.php(282): CController->run('contact')
#2 D:\OpenServer\domains\localhost\intuit(clone)\framework\web\CWebApplication.php(141): CWebApplication->runController('site/contact')
#3 D:\OpenServer\domains\localhost\intuit(clone)\framework\base\CApplication.php(184): CWebApplication->processRequest()
#4 D:\OpenServer\domains\localhost\intuit(clone)\index.php(13): CApplication->run()
#5 {main}
REQUEST_URI=/intuit(clone)/index.php?r=site/contact
HTTP_REFERER=http://localhost/intuit(clone)/index.php?r=site/page&view=about
---
2015/03/21 13:36:46 [error] [exception.CException] exception 'CException' with message 'Property "LoginForm.login" is not defined.' in D:\OpenServer\domains\localhost\intuit(clone)\framework\base\CComponent.php:130
Stack trace:
#0 D:\OpenServer\domains\localhost\intuit(clone)\framework\web\helpers\CHtml.php(2728): CComponent->__get('login')
#1 D:\OpenServer\domains\localhost\intuit(clone)\framework\web\helpers\CHtml.php(2451): CHtml::resolveValue(Object(LoginForm), 'login')
#2 D:\OpenServer\domains\localhost\intuit(clone)\framework\web\helpers\CHtml.php(1533): CHtml::activeInputField('text', Object(LoginForm), 'login', Array)
#3 D:\OpenServer\domains\localhost\intuit(clone)\framework\web\widgets\CActiveForm.php(792): CHtml::activeTextField(Object(LoginForm), 'login', Array)
#4 D:\OpenServer\domains\localhost\intuit(clone)\protected\views\site\login.php(29): CActiveForm->textField(Object(LoginForm), 'login')
#5 D:\OpenServer\domains\localhost\intuit(clone)\framework\web\CBaseController.php(126): require('D:\\OpenServer\\d...')
#6 D:\OpenServer\domains\localhost\intuit(clone)\framework\web\CBaseController.php(95): CBaseController->renderInternal('D:\\OpenServer\\d...', Array, true)
#7 D:\OpenServer\domains\localhost\intuit(clone)\framework\web\CController.php(869): CBaseController->renderFile('D:\\OpenServer\\d...', Array, true)
#8 D:\OpenServer\domains\localhost\intuit(clone)\framework\web\CController.php(782): CController->renderPartial('login', Array, true)
#9 D:\OpenServer\domains\localhost\intuit(clone)\protected\controllers\SiteController.php(59): CController->render('login', Array)
#10 D:\OpenServer\domains\localhost\intuit(clone)\framework\web\actions\CInlineAction.php(49): SiteController->actionLogin()
#11 D:\OpenServer\domains\localhost\intuit(clone)\framework\web\CController.php(308): CInlineAction->runWithParams(Array)
#12 D:\OpenServer\domains\localhost\intuit(clone)\framework\web\CController.php(286): CController->runAction(Object(CInlineAction))
#13 D:\OpenServer\domains\localhost\intuit(clone)\framework\web\CController.php(265): CController->runActionWithFilters(Object(CInlineAction), Array)
#14 D:\OpenServer\domains\localhost\intuit(clone)\framework\web\CWebApplication.php(282): CController->run('login')
#15 D:\OpenServer\domains\localhost\intuit(clone)\framework\web\CWebApplication.php(141): CWebApplication->runController('site/login')
#16 D:\OpenServer\domains\localhost\intuit(clone)\framework\base\CApplication.php(184): CWebApplication->processRequest()
#17 D:\OpenServer\domains\localhost\intuit(clone)\index.php(13): CApplication->run()
#18 {main}
REQUEST_URI=/intuit(clone)/site/login
HTTP_REFERER=http://localhost/intuit(clone)/
---
2015/03/21 13:55:02 [error] [exception.CHttpException.404] exception 'CHttpException' with message 'Unable to resolve the request "controller/action".' in D:\OpenServer\domains\localhost\intuit(clone)\framework\web\CWebApplication.php:286
Stack trace:
#0 D:\OpenServer\domains\localhost\intuit(clone)\framework\web\CWebApplication.php(141): CWebApplication->runController('controller/acti...')
#1 D:\OpenServer\domains\localhost\intuit(clone)\framework\base\CApplication.php(184): CWebApplication->processRequest()
#2 D:\OpenServer\domains\localhost\intuit(clone)\index.php(13): CApplication->run()
#3 {main}
REQUEST_URI=/intuit(clone)/controller/action
HTTP_REFERER=http://localhost/intuit(clone)/site/index
---
2015/03/21 13:55:42 [error] [exception.CHttpException.404] exception 'CHttpException' with message 'Unable to resolve the request "courses/programming".' in D:\OpenServer\domains\localhost\intuit(clone)\framework\web\CWebApplication.php:286
Stack trace:
#0 D:\OpenServer\domains\localhost\intuit(clone)\framework\web\CWebApplication.php(141): CWebApplication->runController('courses/program...')
#1 D:\OpenServer\domains\localhost\intuit(clone)\framework\base\CApplication.php(184): CWebApplication->processRequest()
#2 D:\OpenServer\domains\localhost\intuit(clone)\index.php(13): CApplication->run()
#3 {main}
REQUEST_URI=/intuit(clone)/courses/programming
HTTP_REFERER=http://localhost/intuit(clone)/
---
2015/03/21 13:56:44 [error] [exception.CHttpException.404] exception 'CHttpException' with message 'Unable to resolve the request "Courses/Programming".' in D:\OpenServer\domains\localhost\intuit(clone)\framework\web\CWebApplication.php:286
Stack trace:
#0 D:\OpenServer\domains\localhost\intuit(clone)\framework\web\CWebApplication.php(141): CWebApplication->runController('Courses/Program...')
#1 D:\OpenServer\domains\localhost\intuit(clone)\framework\base\CApplication.php(184): CWebApplication->processRequest()
#2 D:\OpenServer\domains\localhost\intuit(clone)\index.php(13): CApplication->run()
#3 {main}
REQUEST_URI=/intuit(clone)/Courses/Programming
HTTP_REFERER=http://localhost/intuit(clone)/
---
2015/03/21 13:59:32 [error] [exception.CHttpException.404] exception 'CHttpException' with message 'The system is unable to find the requested action "index".' in D:\OpenServer\domains\localhost\intuit(clone)\framework\web\CController.php:483
Stack trace:
#0 D:\OpenServer\domains\localhost\intuit(clone)\framework\web\CController.php(270): CController->missingAction('')
#1 D:\OpenServer\domains\localhost\intuit(clone)\framework\web\CWebApplication.php(282): CController->run('')
#2 D:\OpenServer\domains\localhost\intuit(clone)\framework\web\CWebApplication.php(141): CWebApplication->runController('courses')
#3 D:\OpenServer\domains\localhost\intuit(clone)\framework\base\CApplication.php(184): CWebApplication->processRequest()
#4 D:\OpenServer\domains\localhost\intuit(clone)\index.php(13): CApplication->run()
#5 {main}
REQUEST_URI=/intuit(clone)/courses
HTTP_REFERER=http://localhost/intuit(clone)/gii/controller/index
---
2015/03/21 14:01:00 [error] [exception.CHttpException.404] exception 'CHttpException' with message 'The system is unable to find the requested action "index".' in D:\OpenServer\domains\localhost\intuit(clone)\framework\web\CController.php:483
Stack trace:
#0 D:\OpenServer\domains\localhost\intuit(clone)\framework\web\CController.php(270): CController->missingAction('')
#1 D:\OpenServer\domains\localhost\intuit(clone)\framework\web\CWebApplication.php(282): CController->run('')
#2 D:\OpenServer\domains\localhost\intuit(clone)\framework\web\CWebApplication.php(141): CWebApplication->runController('courses')
#3 D:\OpenServer\domains\localhost\intuit(clone)\framework\base\CApplication.php(184): CWebApplication->processRequest()
#4 D:\OpenServer\domains\localhost\intuit(clone)\index.php(13): CApplication->run()
#5 {main}
REQUEST_URI=/intuit(clone)/courses
HTTP_REFERER=http://localhost/intuit(clone)/Courses/Programming
---
2015/03/21 14:02:03 [error] [exception.CHttpException.404] exception 'CHttpException' with message 'The system is unable to find the requested action "index".' in D:\OpenServer\domains\localhost\intuit(clone)\framework\web\CController.php:483
Stack trace:
#0 D:\OpenServer\domains\localhost\intuit(clone)\framework\web\CController.php(270): CController->missingAction('')
#1 D:\OpenServer\domains\localhost\intuit(clone)\framework\web\CWebApplication.php(282): CController->run('')
#2 D:\OpenServer\domains\localhost\intuit(clone)\framework\web\CWebApplication.php(141): CWebApplication->runController('courses')
#3 D:\OpenServer\domains\localhost\intuit(clone)\framework\base\CApplication.php(184): CWebApplication->processRequest()
#4 D:\OpenServer\domains\localhost\intuit(clone)\index.php(13): CApplication->run()
#5 {main}
REQUEST_URI=/intuit(clone)/courses
HTTP_REFERER=http://localhost/intuit(clone)/Courses/Programming
---
2015/03/21 14:05:37 [error] [exception.CHttpException.404] exception 'CHttpException' with message 'Unable to resolve the request "controller/action".' in D:\OpenServer\domains\localhost\intuit(clone)\framework\web\CWebApplication.php:286
Stack trace:
#0 D:\OpenServer\domains\localhost\intuit(clone)\framework\web\CWebApplication.php(141): CWebApplication->runController('controller/acti...')
#1 D:\OpenServer\domains\localhost\intuit(clone)\framework\base\CApplication.php(184): CWebApplication->processRequest()
#2 D:\OpenServer\domains\localhost\intuit(clone)\index.php(13): CApplication->run()
#3 {main}
REQUEST_URI=/intuit(clone)/controller/action
HTTP_REFERER=http://localhost/intuit(clone)/
---
2015/03/21 14:22:31 [error] [php] Non-static method CActiveRecord::findAll() should not be called statically, assuming $this from incompatible context (D:\OpenServer\domains\localhost\intuit(clone)\protected\controllers\CoursesController.php:7)
Stack trace:
#0 D:\OpenServer\domains\localhost\intuit(clone)\framework\web\CController.php(286): CoursesController->runAction()
#1 D:\OpenServer\domains\localhost\intuit(clone)\framework\web\CController.php(265): CoursesController->runActionWithFilters()
#2 D:\OpenServer\domains\localhost\intuit(clone)\framework\web\CWebApplication.php(282): CoursesController->run()
#3 D:\OpenServer\domains\localhost\intuit(clone)\framework\web\CWebApplication.php(141): CWebApplication->runController()
#4 D:\OpenServer\domains\localhost\intuit(clone)\framework\base\CApplication.php(184): CWebApplication->processRequest()
#5 D:\OpenServer\domains\localhost\intuit(clone)\index.php(13): CWebApplication->run()
REQUEST_URI=/intuit(clone)/courses
in D:\OpenServer\domains\localhost\intuit(clone)\protected\controllers\CoursesController.php (7)
in D:\OpenServer\domains\localhost\intuit(clone)\index.php (13)
2015/03/21 14:29:14 [error] [exception.CHttpException.404] exception 'CHttpException' with message 'The system is unable to find the requested action "Courses".' in D:\OpenServer\domains\localhost\intuit(clone)\framework\web\CController.php:483
Stack trace:
#0 D:\OpenServer\domains\localhost\intuit(clone)\framework\web\CController.php(270): CController->missingAction('Courses')
#1 D:\OpenServer\domains\localhost\intuit(clone)\framework\web\CWebApplication.php(282): CController->run('Courses')
#2 D:\OpenServer\domains\localhost\intuit(clone)\framework\web\CWebApplication.php(141): CWebApplication->runController('site/Courses')
#3 D:\OpenServer\domains\localhost\intuit(clone)\framework\base\CApplication.php(184): CWebApplication->processRequest()
#4 D:\OpenServer\domains\localhost\intuit(clone)\index.php(13): CApplication->run()
#5 {main}
REQUEST_URI=/intuit(clone)/site/Courses
HTTP_REFERER=http://localhost/intuit(clone)/
---
2015/03/21 14:29:27 [error] [exception.CHttpException.404] exception 'CHttpException' with message 'The system is unable to find the requested action "Courses".' in D:\OpenServer\domains\localhost\intuit(clone)\framework\web\CController.php:483
Stack trace:
#0 D:\OpenServer\domains\localhost\intuit(clone)\framework\web\CController.php(270): CController->missingAction('Courses')
#1 D:\OpenServer\domains\localhost\intuit(clone)\framework\web\CWebApplication.php(282): CController->run('Courses')
#2 D:\OpenServer\domains\localhost\intuit(clone)\framework\web\CWebApplication.php(141): CWebApplication->runController('site/Courses')
#3 D:\OpenServer\domains\localhost\intuit(clone)\framework\base\CApplication.php(184): CWebApplication->processRequest()
#4 D:\OpenServer\domains\localhost\intuit(clone)\index.php(13): CApplication->run()
#5 {main}
REQUEST_URI=/intuit(clone)/site/Courses
HTTP_REFERER=http://localhost/intuit(clone)/
---
2015/03/21 14:36:28 [error] [exception.CHttpException.404] exception 'CHttpException' with message 'The system is unable to find the requested action "beginCourse".' in D:\OpenServer\domains\localhost\intuit(clone)\framework\web\CController.php:483
Stack trace:
#0 D:\OpenServer\domains\localhost\intuit(clone)\framework\web\CController.php(270): CController->missingAction('beginCourse')
#1 D:\OpenServer\domains\localhost\intuit(clone)\framework\web\CWebApplication.php(282): CController->run('beginCourse')
#2 D:\OpenServer\domains\localhost\intuit(clone)\framework\web\CWebApplication.php(141): CWebApplication->runController('Courses/beginCo...')
#3 D:\OpenServer\domains\localhost\intuit(clone)\framework\base\CApplication.php(184): CWebApplication->processRequest()
#4 D:\OpenServer\domains\localhost\intuit(clone)\index.php(13): CApplication->run()
#5 {main}
REQUEST_URI=/intuit(clone)/Courses/beginCourse/1
HTTP_REFERER=http://localhost/intuit(clone)/Courses/index
---
2015/03/21 14:56:00 [error] [exception.CHttpException.404] exception 'CHttpException' with message 'Unable to resolve the request "question/create".' in D:\OpenServer\domains\localhost\intuit(clone)\framework\web\CWebApplication.php:286
Stack trace:
#0 D:\OpenServer\domains\localhost\intuit(clone)\framework\web\CWebApplication.php(141): CWebApplication->runController('question/create')
#1 D:\OpenServer\domains\localhost\intuit(clone)\framework\base\CApplication.php(184): CWebApplication->processRequest()
#2 D:\OpenServer\domains\localhost\intuit(clone)\index.php(13): CApplication->run()
#3 {main}
REQUEST_URI=/intuit(clone)/question/create
HTTP_REFERER=http://localhost/intuit(clone)/site/login
---
2015/03/22 14:22:53 [error] [php] Illegal string offset 'name' (D:\OpenServer\domains\localhost\intuit(clone)\framework\web\helpers\CHtml.php:2657)
Stack trace:
#0 D:\OpenServer\domains\localhost\intuit(clone)\protected\views\question\_form.php(47): CActiveForm->hiddenField()
#1 D:\OpenServer\domains\localhost\intuit(clone)\framework\web\CBaseController.php(126): require()
#2 D:\OpenServer\domains\localhost\intuit(clone)\framework\web\CBaseController.php(95): QuestionController->renderInternal()
#3 D:\OpenServer\domains\localhost\intuit(clone)\framework\web\CController.php(869): QuestionController->renderFile()
#4 D:\OpenServer\domains\localhost\intuit(clone)\protected\views\question\create.php(18): QuestionController->renderPartial()
#5 D:\OpenServer\domains\localhost\intuit(clone)\framework\web\CBaseController.php(126): require()
#6 D:\OpenServer\domains\localhost\intuit(clone)\framework\web\CBaseController.php(95): QuestionController->renderInternal()
#7 D:\OpenServer\domains\localhost\intuit(clone)\framework\web\CController.php(869): QuestionController->renderFile()
#8 D:\OpenServer\domains\localhost\intuit(clone)\framework\web\CController.php(782): QuestionController->renderPartial()
#9 D:\OpenServer\domains\localhost\intuit(clone)\protected\controllers\QuestionController.php(57): QuestionController->render()
#10 D:\OpenServer\domains\localhost\intuit(clone)\framework\web\actions\CInlineAction.php(49): QuestionController->actionCreate()
#11 D:\OpenServer\domains\localhost\intuit(clone)\framework\web\CController.php(308): CInlineAction->runWithParams()
#12 D:\OpenServer\domains\localhost\intuit(clone)\framework\web\filters\CFilterChain.php(133): QuestionController->runAction()
#13 D:\OpenServer\domains\localhost\intuit(clone)\framework\web\filters\CFilter.php(40): CFilterChain->run()
#14 D:\OpenServer\domains\localhost\intuit(clone)\framework\web\CController.php(1145): CAccessControlFilter->filter()
#15 D:\OpenServer\domains\localhost\intuit(clone)\framework\web\filters\CInlineFilter.php(58): QuestionController->filterAccessControl()
#16 D:\OpenServer\domains\localhost\intuit(clone)\framework\web\filters\CFilterChain.php(130): CInlineFilter->filter()
#17 D:\OpenServer\domains\localhost\intuit(clone)\framework\web\CController.php(291): CFilterChain->run()
#18 D:\OpenServer\domains\localhost\intuit(clone)\framework\web\CController.php(265): QuestionController->runActionWithFilters()
#19 D:\OpenServer\domains\localhost\intuit(clone)\framework\web\CWebApplication.php(282): QuestionController->run()
#20 D:\OpenServer\domains\localhost\intuit(clone)\framework\web\CWebApplication.php(141): CWebApplication->runController()
#21 D:\OpenServer\domains\localhost\intuit(clone)\framework\base\CApplication.php(184): CWebApplication->processRequest()
#22 D:\OpenServer\domains\localhost\intuit(clone)\index.php(13): CWebApplication->run()
REQUEST_URI=/intuit(clone)/question/create?question_id=1
in D:\OpenServer\domains\localhost\intuit(clone)\protected\views\question\_form.php (47)
in D:\OpenServer\domains\localhost\intuit(clone)\protected\views\question\create.php (18)
in D:\OpenServer\domains\localhost\intuit(clone)\protected\controllers\QuestionController.php (57)
2015/03/22 14:26:37 [warning] [application] Failed to set unsafe attribute "answers" of "Question".
in D:\OpenServer\domains\localhost\intuit(clone)\protected\controllers\QuestionController.php (49)
in D:\OpenServer\domains\localhost\intuit(clone)\index.php (13)
2015/03/22 14:27:12 [warning] [application] Failed to set unsafe attribute "answers" of "Question".
in D:\OpenServer\domains\localhost\intuit(clone)\protected\controllers\QuestionController.php (66)
in D:\OpenServer\domains\localhost\intuit(clone)\index.php (13)
2015/03/22 14:27:43 [warning] [application] Failed to set unsafe attribute "answers" of "Question".
in D:\OpenServer\domains\localhost\intuit(clone)\protected\controllers\QuestionController.php (66)
in D:\OpenServer\domains\localhost\intuit(clone)\index.php (13)
2015/03/22 14:35:35 [warning] [application] Failed to set unsafe attribute "answers" of "Question".
in D:\OpenServer\domains\localhost\intuit(clone)\protected\controllers\QuestionController.php (49)
in D:\OpenServer\domains\localhost\intuit(clone)\index.php (13)
2015/03/22 14:37:28 [error] [exception.CHttpException.404] exception 'CHttpException' with message 'The system is unable to find the requested action "admin".' in D:\OpenServer\domains\localhost\intuit(clone)\framework\web\CController.php:483
Stack trace:
#0 D:\OpenServer\domains\localhost\intuit(clone)\framework\web\CController.php(270): CController->missingAction('admin')
#1 D:\OpenServer\domains\localhost\intuit(clone)\framework\web\CWebApplication.php(282): CController->run('admin')
#2 D:\OpenServer\domains\localhost\intuit(clone)\framework\web\CWebApplication.php(141): CWebApplication->runController('question/admin')
#3 D:\OpenServer\domains\localhost\intuit(clone)\framework\base\CApplication.php(184): CWebApplication->processRequest()
#4 D:\OpenServer\domains\localhost\intuit(clone)\index.php(13): CApplication->run()
#5 {main}
REQUEST_URI=/intuit(clone)/question/admin
HTTP_REFERER=http://localhost/intuit(clone)/question/create
---
2015/03/22 14:38:49 [error] [exception.CHttpException.404] exception 'CHttpException' with message 'The system is unable to find the requested action "admin".' in D:\OpenServer\domains\localhost\intuit(clone)\framework\web\CController.php:483
Stack trace:
#0 D:\OpenServer\domains\localhost\intuit(clone)\framework\web\CController.php(270): CController->missingAction('admin')
#1 D:\OpenServer\domains\localhost\intuit(clone)\framework\web\CWebApplication.php(282): CController->run('admin')
#2 D:\OpenServer\domains\localhost\intuit(clone)\framework\web\CWebApplication.php(141): CWebApplication->runController('question/admin')
#3 D:\OpenServer\domains\localhost\intuit(clone)\framework\base\CApplication.php(184): CWebApplication->processRequest()
#4 D:\OpenServer\domains\localhost\intuit(clone)\index.php(13): CApplication->run()
#5 {main}
REQUEST_URI=/intuit(clone)/question/admin
HTTP_REFERER=http://localhost/intuit(clone)/question/create?question_id=1
---
2015/03/22 14:39:04 [error] [exception.CHttpException.404] exception 'CHttpException' with message 'The system is unable to find the requested action "admin".' in D:\OpenServer\domains\localhost\intuit(clone)\framework\web\CController.php:483
Stack trace:
#0 D:\OpenServer\domains\localhost\intuit(clone)\framework\web\CController.php(270): CController->missingAction('admin')
#1 D:\OpenServer\domains\localhost\intuit(clone)\framework\web\CWebApplication.php(282): CController->run('admin')
#2 D:\OpenServer\domains\localhost\intuit(clone)\framework\web\CWebApplication.php(141): CWebApplication->runController('question/admin')
#3 D:\OpenServer\domains\localhost\intuit(clone)\framework\base\CApplication.php(184): CWebApplication->processRequest()
#4 D:\OpenServer\domains\localhost\intuit(clone)\index.php(13): CApplication->run()
#5 {main}
REQUEST_URI=/intuit(clone)/question/admin
HTTP_REFERER=http://localhost/intuit(clone)/question/create?question_id=1
---
2015/03/22 14:39:09 [error] [exception.CException] exception 'CException' with message 'QuestionController cannot find the requested view "admin".' in D:\OpenServer\domains\localhost\intuit(clone)\framework\web\CController.php:878
Stack trace:
#0 D:\OpenServer\domains\localhost\intuit(clone)\framework\web\CController.php(782): CController->renderPartial('admin', Array, true)
#1 D:\OpenServer\domains\localhost\intuit(clone)\protected\controllers\QuestionController.php(86): CController->render('admin', Array)
#2 D:\OpenServer\domains\localhost\intuit(clone)\framework\web\actions\CInlineAction.php(49): QuestionController->actionIndex()
#3 D:\OpenServer\domains\localhost\intuit(clone)\framework\web\CController.php(308): CInlineAction->runWithParams(Array)
#4 D:\OpenServer\domains\localhost\intuit(clone)\framework\web\filters\CFilterChain.php(133): CController->runAction(Object(CInlineAction))
#5 D:\OpenServer\domains\localhost\intuit(clone)\framework\web\filters\CFilter.php(40): CFilterChain->run()
#6 D:\OpenServer\domains\localhost\intuit(clone)\framework\web\CController.php(1145): CFilter->filter(Object(CFilterChain))
#7 D:\OpenServer\domains\localhost\intuit(clone)\framework\web\filters\CInlineFilter.php(58): CController->filterAccessControl(Object(CFilterChain))
#8 D:\OpenServer\domains\localhost\intuit(clone)\framework\web\filters\CFilterChain.php(130): CInlineFilter->filter(Object(CFilterChain))
#9 D:\OpenServer\domains\localhost\intuit(clone)\framework\web\CController.php(291): CFilterChain->run()
#10 D:\OpenServer\domains\localhost\intuit(clone)\framework\web\CController.php(265): CController->runActionWithFilters(Object(CInlineAction), Array)
#11 D:\OpenServer\domains\localhost\intuit(clone)\framework\web\CWebApplication.php(282): CController->run('')
#12 D:\OpenServer\domains\localhost\intuit(clone)\framework\web\CWebApplication.php(141): CWebApplication->runController('question')
#13 D:\OpenServer\domains\localhost\intuit(clone)\framework\base\CApplication.php(184): CWebApplication->processRequest()
#14 D:\OpenServer\domains\localhost\intuit(clone)\index.php(13): CApplication->run()
#15 {main}
REQUEST_URI=/intuit(clone)/question/
---
2015/03/22 14:39:16 [error] [exception.CException] exception 'CException' with message 'QuestionController cannot find the requested view "admin".' in D:\OpenServer\domains\localhost\intuit(clone)\framework\web\CController.php:878
Stack trace:
#0 D:\OpenServer\domains\localhost\intuit(clone)\framework\web\CController.php(782): CController->renderPartial('admin', Array, true)
#1 D:\OpenServer\domains\localhost\intuit(clone)\protected\controllers\QuestionController.php(86): CController->render('admin', Array)
#2 D:\OpenServer\domains\localhost\intuit(clone)\framework\web\actions\CInlineAction.php(49): QuestionController->actionIndex()
#3 D:\OpenServer\domains\localhost\intuit(clone)\framework\web\CController.php(308): CInlineAction->runWithParams(Array)
#4 D:\OpenServer\domains\localhost\intuit(clone)\framework\web\filters\CFilterChain.php(133): CController->runAction(Object(CInlineAction))
#5 D:\OpenServer\domains\localhost\intuit(clone)\framework\web\filters\CFilter.php(40): CFilterChain->run()
#6 D:\OpenServer\domains\localhost\intuit(clone)\framework\web\CController.php(1145): CFilter->filter(Object(CFilterChain))
#7 D:\OpenServer\domains\localhost\intuit(clone)\framework\web\filters\CInlineFilter.php(58): CController->filterAccessControl(Object(CFilterChain))
#8 D:\OpenServer\domains\localhost\intuit(clone)\framework\web\filters\CFilterChain.php(130): CInlineFilter->filter(Object(CFilterChain))
#9 D:\OpenServer\domains\localhost\intuit(clone)\framework\web\CController.php(291): CFilterChain->run()
#10 D:\OpenServer\domains\localhost\intuit(clone)\framework\web\CController.php(265): CController->runActionWithFilters(Object(CInlineAction), Array)
#11 D:\OpenServer\domains\localhost\intuit(clone)\framework\web\CWebApplication.php(282): CController->run('index')
#12 D:\OpenServer\domains\localhost\intuit(clone)\framework\web\CWebApplication.php(141): CWebApplication->runController('question/index')
#13 D:\OpenServer\domains\localhost\intuit(clone)\framework\base\CApplication.php(184): CWebApplication->processRequest()
#14 D:\OpenServer\domains\localhost\intuit(clone)\index.php(13): CApplication->run()
#15 {main}
REQUEST_URI=/intuit(clone)/question/index
---
2015/03/22 14:39:38 [error] [exception.CException] exception 'CException' with message 'QuestionController cannot find the requested view "admin".' in D:\OpenServer\domains\localhost\intuit(clone)\framework\web\CController.php:878
Stack trace:
#0 D:\OpenServer\domains\localhost\intuit(clone)\framework\web\CController.php(782): CController->renderPartial('admin', Array, true)
#1 D:\OpenServer\domains\localhost\intuit(clone)\protected\controllers\QuestionController.php(86): CController->render('admin', Array)
#2 D:\OpenServer\domains\localhost\intuit(clone)\framework\web\actions\CInlineAction.php(49): QuestionController->actionIndex()
#3 D:\OpenServer\domains\localhost\intuit(clone)\framework\web\CController.php(308): CInlineAction->runWithParams(Array)
#4 D:\OpenServer\domains\localhost\intuit(clone)\framework\web\filters\CFilterChain.php(133): CController->runAction(Object(CInlineAction))
#5 D:\OpenServer\domains\localhost\intuit(clone)\framework\web\filters\CFilter.php(40): CFilterChain->run()
#6 D:\OpenServer\domains\localhost\intuit(clone)\framework\web\CController.php(1145): CFilter->filter(Object(CFilterChain))
#7 D:\OpenServer\domains\localhost\intuit(clone)\framework\web\filters\CInlineFilter.php(58): CController->filterAccessControl(Object(CFilterChain))
#8 D:\OpenServer\domains\localhost\intuit(clone)\framework\web\filters\CFilterChain.php(130): CInlineFilter->filter(Object(CFilterChain))
#9 D:\OpenServer\domains\localhost\intuit(clone)\framework\web\CController.php(291): CFilterChain->run()
#10 D:\OpenServer\domains\localhost\intuit(clone)\framework\web\CController.php(265): CController->runActionWithFilters(Object(CInlineAction), Array)
#11 D:\OpenServer\domains\localhost\intuit(clone)\framework\web\CWebApplication.php(282): CController->run('index')
#12 D:\OpenServer\domains\localhost\intuit(clone)\framework\web\CWebApplication.php(141): CWebApplication->runController('question/index')
#13 D:\OpenServer\domains\localhost\intuit(clone)\framework\base\CApplication.php(184): CWebApplication->processRequest()
#14 D:\OpenServer\domains\localhost\intuit(clone)\index.php(13): CApplication->run()
#15 {main}
REQUEST_URI=/intuit(clone)/question/index
HTTP_REFERER=http://localhost/intuit(clone)/question/create?question_id=1
---
2015/03/22 14:41:30 [error] [exception.CHttpException.403] exception 'CHttpException' with message 'You are not authorized to perform this action.' in D:\OpenServer\domains\localhost\intuit(clone)\framework\web\auth\CAccessControlFilter.php:182
Stack trace:
#0 D:\OpenServer\domains\localhost\intuit(clone)\framework\web\auth\CAccessControlFilter.php(145): CAccessControlFilter->accessDenied(Object(CWebUser), 'You are not aut...')
#1 D:\OpenServer\domains\localhost\intuit(clone)\framework\web\filters\CFilter.php(38): CAccessControlFilter->preFilter(Object(CFilterChain))
#2 D:\OpenServer\domains\localhost\intuit(clone)\framework\web\CController.php(1145): CFilter->filter(Object(CFilterChain))
#3 D:\OpenServer\domains\localhost\intuit(clone)\framework\web\filters\CInlineFilter.php(58): CController->filterAccessControl(Object(CFilterChain))
#4 D:\OpenServer\domains\localhost\intuit(clone)\framework\web\filters\CFilterChain.php(130): CInlineFilter->filter(Object(CFilterChain))
#5 D:\OpenServer\domains\localhost\intuit(clone)\framework\web\CController.php(291): CFilterChain->run()
#6 D:\OpenServer\domains\localhost\intuit(clone)\framework\web\CController.php(265): CController->runActionWithFilters(Object(CInlineAction), Array)
#7 D:\OpenServer\domains\localhost\intuit(clone)\framework\web\CWebApplication.php(282): CController->run('')
#8 D:\OpenServer\domains\localhost\intuit(clone)\framework\web\CWebApplication.php(141): CWebApplication->runController('question')
#9 D:\OpenServer\domains\localhost\intuit(clone)\framework\base\CApplication.php(184): CWebApplication->processRequest()
#10 D:\OpenServer\domains\localhost\intuit(clone)\index.php(13): CApplication->run()
#11 {main}
REQUEST_URI=/intuit(clone)/question/
---
2015/03/22 14:44:30 [error] [exception.CHttpException.404] exception 'CHttpException' with message 'The system is unable to find the requested action "view".' in D:\OpenServer\domains\localhost\intuit(clone)\framework\web\CController.php:483
Stack trace:
#0 D:\OpenServer\domains\localhost\intuit(clone)\framework\web\CController.php(270): CController->missingAction('view')
#1 D:\OpenServer\domains\localhost\intuit(clone)\framework\web\CWebApplication.php(282): CController->run('view')
#2 D:\OpenServer\domains\localhost\intuit(clone)\framework\web\CWebApplication.php(141): CWebApplication->runController('question/view')
#3 D:\OpenServer\domains\localhost\intuit(clone)\framework\base\CApplication.php(184): CWebApplication->processRequest()
#4 D:\OpenServer\domains\localhost\intuit(clone)\index.php(13): CApplication->run()
#5 {main}
REQUEST_URI=/intuit(clone)/question/1
HTTP_REFERER=http://localhost/intuit(clone)/question/index
---
2015/03/22 14:48:49 [error] [exception.CException] exception 'CException' with message 'Property "CButtonColumn.buttonView" is not defined.' in D:\OpenServer\domains\localhost\intuit(clone)\framework\base\CComponent.php:173
Stack trace:
#0 D:\OpenServer\domains\localhost\intuit(clone)\framework\YiiBase.php(220): CComponent->__set('buttonView', Array)
#1 D:\OpenServer\domains\localhost\intuit(clone)\framework\zii\widgets\grid\CGridView.php(388): YiiBase::createComponent(Array, Object(CGridView))
#2 D:\OpenServer\domains\localhost\intuit(clone)\framework\zii\widgets\grid\CGridView.php(359): CGridView->initColumns()
#3 D:\OpenServer\domains\localhost\intuit(clone)\framework\web\CBaseController.php(147): CGridView->init()
#4 D:\OpenServer\domains\localhost\intuit(clone)\framework\web\CBaseController.php(180): CBaseController->createWidget('zii.widgets.gri...', Array)
#5 D:\OpenServer\domains\localhost\intuit(clone)\protected\views\question\index.php(54): CBaseController->widget('zii.widgets.gri...', Array)
#6 D:\OpenServer\domains\localhost\intuit(clone)\framework\web\CBaseController.php(126): require('D:\\OpenServer\\d...')
#7 D:\OpenServer\domains\localhost\intuit(clone)\framework\web\CBaseController.php(95): CBaseController->renderInternal('D:\\OpenServer\\d...', Array, true)
#8 D:\OpenServer\domains\localhost\intuit(clone)\framework\web\CController.php(869): CBaseController->renderFile('D:\\OpenServer\\d...', Array, true)
#9 D:\OpenServer\domains\localhost\intuit(clone)\framework\web\CController.php(782): CController->renderPartial('index', Array, true)
#10 D:\OpenServer\domains\localhost\intuit(clone)\protected\controllers\QuestionController.php(86): CController->render('index', Array)
#11 D:\OpenServer\domains\localhost\intuit(clone)\framework\web\actions\CInlineAction.php(49): QuestionController->actionIndex()
#12 D:\OpenServer\domains\localhost\intuit(clone)\framework\web\CController.php(308): CInlineAction->runWithParams(Array)
#13 D:\OpenServer\domains\localhost\intuit(clone)\framework\web\filters\CFilterChain.php(133): CController->runAction(Object(CInlineAction))
#14 D:\OpenServer\domains\localhost\intuit(clone)\framework\web\filters\CFilter.php(40): CFilterChain->run()
#15 D:\OpenServer\domains\localhost\intuit(clone)\framework\web\CController.php(1145): CFilter->filter(Object(CFilterChain))
#16 D:\OpenServer\domains\localhost\intuit(clone)\framework\web\filters\CInlineFilter.php(58): CController->filterAccessControl(Object(CFilterChain))
#17 D:\OpenServer\domains\localhost\intuit(clone)\framework\web\filters\CFilterChain.php(130): CInlineFilter->filter(Object(CFilterChain))
#18 D:\OpenServer\domains\localhost\intuit(clone)\framework\web\CController.php(291): CFilterChain->run()
#19 D:\OpenServer\domains\localhost\intuit(clone)\framework\web\CController.php(265): CController->runActionWithFilters(Object(CInlineAction), Array)
#20 D:\OpenServer\domains\localhost\intuit(clone)\framework\web\CWebApplication.php(282): CController->run('index')
#21 D:\OpenServer\domains\localhost\intuit(clone)\framework\web\CWebApplication.php(141): CWebApplication->runController('question/index')
#22 D:\OpenServer\domains\localhost\intuit(clone)\framework\base\CApplication.php(184): CWebApplication->processRequest()
#23 D:\OpenServer\domains\localhost\intuit(clone)\index.php(13): CApplication->run()
#24 {main}
REQUEST_URI=/intuit(clone)/question/index
HTTP_REFERER=http://localhost/intuit(clone)/question/create?question_id=1
---
2015/03/22 14:50:04 [error] [exception.CException] exception 'CException' with message 'Property "CButtonColumn.buttonView" is not defined.' in D:\OpenServer\domains\localhost\intuit(clone)\framework\base\CComponent.php:173
Stack trace:
#0 D:\OpenServer\domains\localhost\intuit(clone)\framework\YiiBase.php(220): CComponent->__set('buttonView', Array)
#1 D:\OpenServer\domains\localhost\intuit(clone)\framework\zii\widgets\grid\CGridView.php(388): YiiBase::createComponent(Array, Object(CGridView))
#2 D:\OpenServer\domains\localhost\intuit(clone)\framework\zii\widgets\grid\CGridView.php(359): CGridView->initColumns()
#3 D:\OpenServer\domains\localhost\intuit(clone)\framework\web\CBaseController.php(147): CGridView->init()
#4 D:\OpenServer\domains\localhost\intuit(clone)\framework\web\CBaseController.php(180): CBaseController->createWidget('zii.widgets.gri...', Array)
#5 D:\OpenServer\domains\localhost\intuit(clone)\protected\views\question\index.php(54): CBaseController->widget('zii.widgets.gri...', Array)
#6 D:\OpenServer\domains\localhost\intuit(clone)\framework\web\CBaseController.php(126): require('D:\\OpenServer\\d...')
#7 D:\OpenServer\domains\localhost\intuit(clone)\framework\web\CBaseController.php(95): CBaseController->renderInternal('D:\\OpenServer\\d...', Array, true)
#8 D:\OpenServer\domains\localhost\intuit(clone)\framework\web\CController.php(869): CBaseController->renderFile('D:\\OpenServer\\d...', Array, true)
#9 D:\OpenServer\domains\localhost\intuit(clone)\framework\web\CController.php(782): CController->renderPartial('index', Array, true)
#10 D:\OpenServer\domains\localhost\intuit(clone)\protected\controllers\QuestionController.php(86): CController->render('index', Array)
#11 D:\OpenServer\domains\localhost\intuit(clone)\framework\web\actions\CInlineAction.php(49): QuestionController->actionIndex()
#12 D:\OpenServer\domains\localhost\intuit(clone)\framework\web\CController.php(308): CInlineAction->runWithParams(Array)
#13 D:\OpenServer\domains\localhost\intuit(clone)\framework\web\filters\CFilterChain.php(133): CController->runAction(Object(CInlineAction))
#14 D:\OpenServer\domains\localhost\intuit(clone)\framework\web\filters\CFilter.php(40): CFilterChain->run()
#15 D:\OpenServer\domains\localhost\intuit(clone)\framework\web\CController.php(1145): CFilter->filter(Object(CFilterChain))
#16 D:\OpenServer\domains\localhost\intuit(clone)\framework\web\filters\CInlineFilter.php(58): CController->filterAccessControl(Object(CFilterChain))
#17 D:\OpenServer\domains\localhost\intuit(clone)\framework\web\filters\CFilterChain.php(130): CInlineFilter->filter(Object(CFilterChain))
#18 D:\OpenServer\domains\localhost\intuit(clone)\framework\web\CController.php(291): CFilterChain->run()
#19 D:\OpenServer\domains\localhost\intuit(clone)\framework\web\CController.php(265): CController->runActionWithFilters(Object(CInlineAction), Array)
#20 D:\OpenServer\domains\localhost\intuit(clone)\framework\web\CWebApplication.php(282): CController->run('')
#21 D:\OpenServer\domains\localhost\intuit(clone)\framework\web\CWebApplication.php(141): CWebApplication->runController('question')
#22 D:\OpenServer\domains\localhost\intuit(clone)\framework\base\CApplication.php(184): CWebApplication->processRequest()
#23 D:\OpenServer\domains\localhost\intuit(clone)\index.php(13): CApplication->run()
#24 {main}
REQUEST_URI=/intuit(clone)/question/
---
2015/03/22 14:51:21 [error] [exception.CException] exception 'CException' with message 'Property "CButtonColumn.view" is not defined.' in D:\OpenServer\domains\localhost\intuit(clone)\framework\base\CComponent.php:173
Stack trace:
#0 D:\OpenServer\domains\localhost\intuit(clone)\framework\YiiBase.php(220): CComponent->__set('view', Array)
#1 D:\OpenServer\domains\localhost\intuit(clone)\framework\zii\widgets\grid\CGridView.php(388): YiiBase::createComponent(Array, Object(CGridView))
#2 D:\OpenServer\domains\localhost\intuit(clone)\framework\zii\widgets\grid\CGridView.php(359): CGridView->initColumns()
#3 D:\OpenServer\domains\localhost\intuit(clone)\framework\web\CBaseController.php(147): CGridView->init()
#4 D:\OpenServer\domains\localhost\intuit(clone)\framework\web\CBaseController.php(180): CBaseController->createWidget('zii.widgets.gri...', Array)
#5 D:\OpenServer\domains\localhost\intuit(clone)\protected\views\question\index.php(54): CBaseController->widget('zii.widgets.gri...', Array)
#6 D:\OpenServer\domains\localhost\intuit(clone)\framework\web\CBaseController.php(126): require('D:\\OpenServer\\d...')
#7 D:\OpenServer\domains\localhost\intuit(clone)\framework\web\CBaseController.php(95): CBaseController->renderInternal('D:\\OpenServer\\d...', Array, true)
#8 D:\OpenServer\domains\localhost\intuit(clone)\framework\web\CController.php(869): CBaseController->renderFile('D:\\OpenServer\\d...', Array, true)
#9 D:\OpenServer\domains\localhost\intuit(clone)\framework\web\CController.php(782): CController->renderPartial('index', Array, true)
#10 D:\OpenServer\domains\localhost\intuit(clone)\protected\controllers\QuestionController.php(86): CController->render('index', Array)
#11 D:\OpenServer\domains\localhost\intuit(clone)\framework\web\actions\CInlineAction.php(49): QuestionController->actionIndex()
#12 D:\OpenServer\domains\localhost\intuit(clone)\framework\web\CController.php(308): CInlineAction->runWithParams(Array)
#13 D:\OpenServer\domains\localhost\intuit(clone)\framework\web\filters\CFilterChain.php(133): CController->runAction(Object(CInlineAction))
#14 D:\OpenServer\domains\localhost\intuit(clone)\framework\web\filters\CFilter.php(40): CFilterChain->run()
#15 D:\OpenServer\domains\localhost\intuit(clone)\framework\web\CController.php(1145): CFilter->filter(Object(CFilterChain))
#16 D:\OpenServer\domains\localhost\intuit(clone)\framework\web\filters\CInlineFilter.php(58): CController->filterAccessControl(Object(CFilterChain))
#17 D:\OpenServer\domains\localhost\intuit(clone)\framework\web\filters\CFilterChain.php(130): CInlineFilter->filter(Object(CFilterChain))
#18 D:\OpenServer\domains\localhost\intuit(clone)\framework\web\CController.php(291): CFilterChain->run()
#19 D:\OpenServer\domains\localhost\intuit(clone)\framework\web\CController.php(265): CController->runActionWithFilters(Object(CInlineAction), Array)
#20 D:\OpenServer\domains\localhost\intuit(clone)\framework\web\CWebApplication.php(282): CController->run('')
#21 D:\OpenServer\domains\localhost\intuit(clone)\framework\web\CWebApplication.php(141): CWebApplication->runController('question')
#22 D:\OpenServer\domains\localhost\intuit(clone)\framework\base\CApplication.php(184): CWebApplication->processRequest()
#23 D:\OpenServer\domains\localhost\intuit(clone)\index.php(13): CApplication->run()
#24 {main}
REQUEST_URI=/intuit(clone)/question/
---
2015/03/22 14:55:59 [error] [exception.CException] exception 'CException' with message 'Property "CButtonColumn.ViewButtonOptions" is not defined.' in D:\OpenServer\domains\localhost\intuit(clone)\framework\base\CComponent.php:173
Stack trace:
#0 D:\OpenServer\domains\localhost\intuit(clone)\framework\YiiBase.php(220): CComponent->__set('ViewButtonOptio...', Array)
#1 D:\OpenServer\domains\localhost\intuit(clone)\framework\zii\widgets\grid\CGridView.php(388): YiiBase::createComponent(Array, Object(CGridView))
#2 D:\OpenServer\domains\localhost\intuit(clone)\framework\zii\widgets\grid\CGridView.php(359): CGridView->initColumns()
#3 D:\OpenServer\domains\localhost\intuit(clone)\framework\web\CBaseController.php(147): CGridView->init()
#4 D:\OpenServer\domains\localhost\intuit(clone)\framework\web\CBaseController.php(180): CBaseController->createWidget('zii.widgets.gri...', Array)
#5 D:\OpenServer\domains\localhost\intuit(clone)\protected\views\question\index.php(54): CBaseController->widget('zii.widgets.gri...', Array)
#6 D:\OpenServer\domains\localhost\intuit(clone)\framework\web\CBaseController.php(126): require('D:\\OpenServer\\d...')
#7 D:\OpenServer\domains\localhost\intuit(clone)\framework\web\CBaseController.php(95): CBaseController->renderInternal('D:\\OpenServer\\d...', Array, true)
#8 D:\OpenServer\domains\localhost\intuit(clone)\framework\web\CController.php(869): CBaseController->renderFile('D:\\OpenServer\\d...', Array, true)
#9 D:\OpenServer\domains\localhost\intuit(clone)\framework\web\CController.php(782): CController->renderPartial('index', Array, true)
#10 D:\OpenServer\domains\localhost\intuit(clone)\protected\controllers\QuestionController.php(86): CController->render('index', Array)
#11 D:\OpenServer\domains\localhost\intuit(clone)\framework\web\actions\CInlineAction.php(49): QuestionController->actionIndex()
#12 D:\OpenServer\domains\localhost\intuit(clone)\framework\web\CController.php(308): CInlineAction->runWithParams(Array)
#13 D:\OpenServer\domains\localhost\intuit(clone)\framework\web\filters\CFilterChain.php(133): CController->runAction(Object(CInlineAction))
#14 D:\OpenServer\domains\localhost\intuit(clone)\framework\web\filters\CFilter.php(40): CFilterChain->run()
#15 D:\OpenServer\domains\localhost\intuit(clone)\framework\web\CController.php(1145): CFilter->filter(Object(CFilterChain))
#16 D:\OpenServer\domains\localhost\intuit(clone)\framework\web\filters\CInlineFilter.php(58): CController->filterAccessControl(Object(CFilterChain))
#17 D:\OpenServer\domains\localhost\intuit(clone)\framework\web\filters\CFilterChain.php(130): CInlineFilter->filter(Object(CFilterChain))
#18 D:\OpenServer\domains\localhost\intuit(clone)\framework\web\CController.php(291): CFilterChain->run()
#19 D:\OpenServer\domains\localhost\intuit(clone)\framework\web\CController.php(265): CController->runActionWithFilters(Object(CInlineAction), Array)
#20 D:\OpenServer\domains\localhost\intuit(clone)\framework\web\CWebApplication.php(282): CController->run('')
#21 D:\OpenServer\domains\localhost\intuit(clone)\framework\web\CWebApplication.php(141): CWebApplication->runController('question')
#22 D:\OpenServer\domains\localhost\intuit(clone)\framework\base\CApplication.php(184): CWebApplication->processRequest()
#23 D:\OpenServer\domains\localhost\intuit(clone)\index.php(13): CApplication->run()
#24 {main}
REQUEST_URI=/intuit(clone)/question/
---
2015/03/22 14:56:12 [error] [exception.CException] exception 'CException' with message 'Property "CButtonColumn.ViewButtonOption" is not defined.' in D:\OpenServer\domains\localhost\intuit(clone)\framework\base\CComponent.php:173
Stack trace:
#0 D:\OpenServer\domains\localhost\intuit(clone)\framework\YiiBase.php(220): CComponent->__set('ViewButtonOptio...', Array)
#1 D:\OpenServer\domains\localhost\intuit(clone)\framework\zii\widgets\grid\CGridView.php(388): YiiBase::createComponent(Array, Object(CGridView))
#2 D:\OpenServer\domains\localhost\intuit(clone)\framework\zii\widgets\grid\CGridView.php(359): CGridView->initColumns()
#3 D:\OpenServer\domains\localhost\intuit(clone)\framework\web\CBaseController.php(147): CGridView->init()
#4 D:\OpenServer\domains\localhost\intuit(clone)\framework\web\CBaseController.php(180): CBaseController->createWidget('zii.widgets.gri...', Array)
#5 D:\OpenServer\domains\localhost\intuit(clone)\protected\views\question\index.php(54): CBaseController->widget('zii.widgets.gri...', Array)
#6 D:\OpenServer\domains\localhost\intuit(clone)\framework\web\CBaseController.php(126): require('D:\\OpenServer\\d...')
#7 D:\OpenServer\domains\localhost\intuit(clone)\framework\web\CBaseController.php(95): CBaseController->renderInternal('D:\\OpenServer\\d...', Array, true)
#8 D:\OpenServer\domains\localhost\intuit(clone)\framework\web\CController.php(869): CBaseController->renderFile('D:\\OpenServer\\d...', Array, true)
#9 D:\OpenServer\domains\localhost\intuit(clone)\framework\web\CController.php(782): CController->renderPartial('index', Array, true)
#10 D:\OpenServer\domains\localhost\intuit(clone)\protected\controllers\QuestionController.php(86): CController->render('index', Array)
#11 D:\OpenServer\domains\localhost\intuit(clone)\framework\web\actions\CInlineAction.php(49): QuestionController->actionIndex()
#12 D:\OpenServer\domains\localhost\intuit(clone)\framework\web\CController.php(308): CInlineAction->runWithParams(Array)
#13 D:\OpenServer\domains\localhost\intuit(clone)\framework\web\filters\CFilterChain.php(133): CController->runAction(Object(CInlineAction))
#14 D:\OpenServer\domains\localhost\intuit(clone)\framework\web\filters\CFilter.php(40): CFilterChain->run()
#15 D:\OpenServer\domains\localhost\intuit(clone)\framework\web\CController.php(1145): CFilter->filter(Object(CFilterChain))
#16 D:\OpenServer\domains\localhost\intuit(clone)\framework\web\filters\CInlineFilter.php(58): CController->filterAccessControl(Object(CFilterChain))
#17 D:\OpenServer\domains\localhost\intuit(clone)\framework\web\filters\CFilterChain.php(130): CInlineFilter->filter(Object(CFilterChain))
#18 D:\OpenServer\domains\localhost\intuit(clone)\framework\web\CController.php(291): CFilterChain->run()
#19 D:\OpenServer\domains\localhost\intuit(clone)\framework\web\CController.php(265): CController->runActionWithFilters(Object(CInlineAction), Array)
#20 D:\OpenServer\domains\localhost\intuit(clone)\framework\web\CWebApplication.php(282): CController->run('')
#21 D:\OpenServer\domains\localhost\intuit(clone)\framework\web\CWebApplication.php(141): CWebApplication->runController('question')
#22 D:\OpenServer\domains\localhost\intuit(clone)\framework\base\CApplication.php(184): CWebApplication->processRequest()
#23 D:\OpenServer\domains\localhost\intuit(clone)\index.php(13): CApplication->run()
#24 {main}
REQUEST_URI=/intuit(clone)/question/
---
2015/03/22 15:04:39 [warning] [application] Failed to set unsafe attribute "answers" of "Question".
in D:\OpenServer\domains\localhost\intuit(clone)\protected\controllers\QuestionController.php (42)
in D:\OpenServer\domains\localhost\intuit(clone)\index.php (13)
2015/03/22 15:04:56 [error] [exception.CHttpException.403] exception 'CHttpException' with message 'You are not authorized to perform this action.' in D:\OpenServer\domains\localhost\intuit(clone)\framework\web\auth\CAccessControlFilter.php:182
Stack trace:
#0 D:\OpenServer\domains\localhost\intuit(clone)\framework\web\auth\CAccessControlFilter.php(145): CAccessControlFilter->accessDenied(Object(CWebUser), 'You are not aut...')
#1 D:\OpenServer\domains\localhost\intuit(clone)\framework\web\filters\CFilter.php(38): CAccessControlFilter->preFilter(Object(CFilterChain))
#2 D:\OpenServer\domains\localhost\intuit(clone)\framework\web\CController.php(1145): CFilter->filter(Object(CFilterChain))
#3 D:\OpenServer\domains\localhost\intuit(clone)\framework\web\filters\CInlineFilter.php(58): CController->filterAccessControl(Object(CFilterChain))
#4 D:\OpenServer\domains\localhost\intuit(clone)\framework\web\filters\CFilterChain.php(130): CInlineFilter->filter(Object(CFilterChain))
#5 D:\OpenServer\domains\localhost\intuit(clone)\framework\web\CController.php(291): CFilterChain->run()
#6 D:\OpenServer\domains\localhost\intuit(clone)\framework\web\CController.php(265): CController->runActionWithFilters(Object(CInlineAction), Array)
#7 D:\OpenServer\domains\localhost\intuit(clone)\framework\web\CWebApplication.php(282): CController->run('delete')
#8 D:\OpenServer\domains\localhost\intuit(clone)\framework\web\CWebApplication.php(141): CWebApplication->runController('question/delete')
#9 D:\OpenServer\domains\localhost\intuit(clone)\framework\base\CApplication.php(184): CWebApplication->processRequest()
#10 D:\OpenServer\domains\localhost\intuit(clone)\index.php(13): CApplication->run()
#11 {main}
REQUEST_URI=/intuit(clone)/question/delete/3?ajax=question-grid
HTTP_REFERER=http://localhost/intuit(clone)/question/index/3
---
2015/03/22 15:08:21 [warning] [application] Failed to set unsafe attribute "answers" of "Question".
in D:\OpenServer\domains\localhost\intuit(clone)\protected\controllers\QuestionController.php (42)
in D:\OpenServer\domains\localhost\intuit(clone)\index.php (13)
2015/03/22 15:10:59 [warning] [application] Failed to set unsafe attribute "answers" of "Question".
in D:\OpenServer\domains\localhost\intuit(clone)\protected\controllers\QuestionController.php (59)
in D:\OpenServer\domains\localhost\intuit(clone)\index.php (13)
2015/03/22 15:11:06 [warning] [application] Failed to set unsafe attribute "answers" of "Question".
in D:\OpenServer\domains\localhost\intuit(clone)\protected\controllers\QuestionController.php (59)
in D:\OpenServer\domains\localhost\intuit(clone)\index.php (13)
2015/03/28 13:45:43 [error] [exception.CHttpException.404] exception 'CHttpException' with message 'The system is unable to find the requested action "beginCourse".' in D:\OpenServer\domains\localhost\intuit(clone)\framework\web\CController.php:483
Stack trace:
#0 D:\OpenServer\domains\localhost\intuit(clone)\framework\web\CController.php(270): CController->missingAction('beginCourse')
#1 D:\OpenServer\domains\localhost\intuit(clone)\framework\web\CWebApplication.php(282): CController->run('beginCourse')
#2 D:\OpenServer\domains\localhost\intuit(clone)\framework\web\CWebApplication.php(141): CWebApplication->runController('Courses/beginCo...')
#3 D:\OpenServer\domains\localhost\intuit(clone)\framework\base\CApplication.php(184): CWebApplication->processRequest()
#4 D:\OpenServer\domains\localhost\intuit(clone)\index.php(13): CApplication->run()
#5 {main}
REQUEST_URI=/intuit(clone)/Courses/beginCourse/1
HTTP_REFERER=http://localhost/intuit(clone)/Courses/index
---
2015/03/28 13:50:00 [error] [exception.CHttpException.404] exception 'CHttpException' with message 'The system is unable to find the requested action "beginCourse".' in D:\OpenServer\domains\localhost\intuit(clone)\framework\web\CController.php:483
Stack trace:
#0 D:\OpenServer\domains\localhost\intuit(clone)\framework\web\CController.php(270): CController->missingAction('beginCourse')
#1 D:\OpenServer\domains\localhost\intuit(clone)\framework\web\CWebApplication.php(282): CController->run('beginCourse')
#2 D:\OpenServer\domains\localhost\intuit(clone)\framework\web\CWebApplication.php(141): CWebApplication->runController('Courses/beginCo...')
#3 D:\OpenServer\domains\localhost\intuit(clone)\framework\base\CApplication.php(184): CWebApplication->processRequest()
#4 D:\OpenServer\domains\localhost\intuit(clone)\index.php(13): CApplication->run()
#5 {main}
REQUEST_URI=/intuit(clone)/Courses/beginCourse?courses_id=1
HTTP_REFERER=http://localhost/intuit(clone)/Courses/index
---
2015/03/28 13:51:04 [error] [php] Invalid argument supplied for foreach() (D:\OpenServer\domains\localhost\intuit(clone)\protected\views\courses\index.php:8)
Stack trace:
#0 D:\OpenServer\domains\localhost\intuit(clone)\framework\web\CController.php(869): CoursesController->renderFile()
#1 D:\OpenServer\domains\localhost\intuit(clone)\framework\web\CController.php(782): CoursesController->renderPartial()
#2 D:\OpenServer\domains\localhost\intuit(clone)\protected\controllers\CoursesController.php(28): CoursesController->render()
#3 D:\OpenServer\domains\localhost\intuit(clone)\framework\web\actions\CInlineAction.php(49): CoursesController->actionBeginCourse()
#4 D:\OpenServer\domains\localhost\intuit(clone)\framework\web\CController.php(308): CInlineAction->runWithParams()
#5 D:\OpenServer\domains\localhost\intuit(clone)\framework\web\CController.php(286): CoursesController->runAction()
#6 D:\OpenServer\domains\localhost\intuit(clone)\framework\web\CController.php(265): CoursesController->runActionWithFilters()
#7 D:\OpenServer\domains\localhost\intuit(clone)\framework\web\CWebApplication.php(282): CoursesController->run()
#8 D:\OpenServer\domains\localhost\intuit(clone)\framework\web\CWebApplication.php(141): CWebApplication->runController()
#9 D:\OpenServer\domains\localhost\intuit(clone)\framework\base\CApplication.php(184): CWebApplication->processRequest()
#10 D:\OpenServer\domains\localhost\intuit(clone)\index.php(13): CWebApplication->run()
REQUEST_URI=/intuit(clone)/Courses/beginCourse?courses_id=1
in D:\OpenServer\domains\localhost\intuit(clone)\protected\views\courses\index.php (8)
in D:\OpenServer\domains\localhost\intuit(clone)\protected\controllers\CoursesController.php (28)
in D:\OpenServer\domains\localhost\intuit(clone)\index.php (13)
2015/03/28 13:51:29 [error] [php] Invalid argument supplied for foreach() (D:\OpenServer\domains\localhost\intuit(clone)\protected\views\courses\index.php:8)
Stack trace:
#0 D:\OpenServer\domains\localhost\intuit(clone)\framework\web\CController.php(869): CoursesController->renderFile()
#1 D:\OpenServer\domains\localhost\intuit(clone)\framework\web\CController.php(782): CoursesController->renderPartial()
#2 D:\OpenServer\domains\localhost\intuit(clone)\protected\controllers\CoursesController.php(28): CoursesController->render()
#3 D:\OpenServer\domains\localhost\intuit(clone)\framework\web\actions\CInlineAction.php(49): CoursesController->actionBeginCourse()
#4 D:\OpenServer\domains\localhost\intuit(clone)\framework\web\CController.php(308): CInlineAction->runWithParams()
#5 D:\OpenServer\domains\localhost\intuit(clone)\framework\web\CController.php(286): CoursesController->runAction()
#6 D:\OpenServer\domains\localhost\intuit(clone)\framework\web\CController.php(265): CoursesController->runActionWithFilters()
#7 D:\OpenServer\domains\localhost\intuit(clone)\framework\web\CWebApplication.php(282): CoursesController->run()
#8 D:\OpenServer\domains\localhost\intuit(clone)\framework\web\CWebApplication.php(141): CWebApplication->runController()
#9 D:\OpenServer\domains\localhost\intuit(clone)\framework\base\CApplication.php(184): CWebApplication->processRequest()
#10 D:\OpenServer\domains\localhost\intuit(clone)\index.php(13): CWebApplication->run()
REQUEST_URI=/intuit(clone)/Courses/beginCourse?courses_id=1
in D:\OpenServer\domains\localhost\intuit(clone)\protected\views\courses\index.php (8)
in D:\OpenServer\domains\localhost\intuit(clone)\protected\controllers\CoursesController.php (28)
in D:\OpenServer\domains\localhost\intuit(clone)\index.php (13)
2015/03/28 13:51:35 [error] [php] Invalid argument supplied for foreach() (D:\OpenServer\domains\localhost\intuit(clone)\protected\views\courses\index.php:8)
Stack trace:
#0 D:\OpenServer\domains\localhost\intuit(clone)\framework\web\CController.php(869): CoursesController->renderFile()
#1 D:\OpenServer\domains\localhost\intuit(clone)\framework\web\CController.php(782): CoursesController->renderPartial()
#2 D:\OpenServer\domains\localhost\intuit(clone)\protected\controllers\CoursesController.php(28): CoursesController->render()
#3 D:\OpenServer\domains\localhost\intuit(clone)\framework\web\actions\CInlineAction.php(49): CoursesController->actionBeginCourse()
#4 D:\OpenServer\domains\localhost\intuit(clone)\framework\web\CController.php(308): CInlineAction->runWithParams()
#5 D:\OpenServer\domains\localhost\intuit(clone)\framework\web\CController.php(286): CoursesController->runAction()
#6 D:\OpenServer\domains\localhost\intuit(clone)\framework\web\CController.php(265): CoursesController->runActionWithFilters()
#7 D:\OpenServer\domains\localhost\intuit(clone)\framework\web\CWebApplication.php(282): CoursesController->run()
#8 D:\OpenServer\domains\localhost\intuit(clone)\framework\web\CWebApplication.php(141): CWebApplication->runController()
#9 D:\OpenServer\domains\localhost\intuit(clone)\framework\base\CApplication.php(184): CWebApplication->processRequest()
#10 D:\OpenServer\domains\localhost\intuit(clone)\index.php(13): CWebApplication->run()
REQUEST_URI=/intuit(clone)/Courses/beginCourse?courses_id=1
in D:\OpenServer\domains\localhost\intuit(clone)\protected\views\courses\index.php (8)
in D:\OpenServer\domains\localhost\intuit(clone)\protected\controllers\CoursesController.php (28)
in D:\OpenServer\domains\localhost\intuit(clone)\index.php (13)
2015/03/28 14:00:23 [error] [php] Invalid argument supplied for foreach() (D:\OpenServer\domains\localhost\intuit(clone)\protected\views\courses\beginCourse.php:9)
Stack trace:
#0 D:\OpenServer\domains\localhost\intuit(clone)\framework\web\CController.php(869): CoursesController->renderFile()
#1 D:\OpenServer\domains\localhost\intuit(clone)\framework\web\CController.php(782): CoursesController->renderPartial()
#2 D:\OpenServer\domains\localhost\intuit(clone)\protected\controllers\CoursesController.php(29): CoursesController->render()
#3 D:\OpenServer\domains\localhost\intuit(clone)\framework\web\actions\CInlineAction.php(49): CoursesController->actionBeginCourse()
#4 D:\OpenServer\domains\localhost\intuit(clone)\framework\web\CController.php(308): CInlineAction->runWithParams()
#5 D:\OpenServer\domains\localhost\intuit(clone)\framework\web\CController.php(286): CoursesController->runAction()
#6 D:\OpenServer\domains\localhost\intuit(clone)\framework\web\CController.php(265): CoursesController->runActionWithFilters()
#7 D:\OpenServer\domains\localhost\intuit(clone)\framework\web\CWebApplication.php(282): CoursesController->run()
#8 D:\OpenServer\domains\localhost\intuit(clone)\framework\web\CWebApplication.php(141): CWebApplication->runController()
#9 D:\OpenServer\domains\localhost\intuit(clone)\framework\base\CApplication.php(184): CWebApplication->processRequest()
#10 D:\OpenServer\domains\localhost\intuit(clone)\index.php(13): CWebApplication->run()
REQUEST_URI=/intuit(clone)/Courses/beginCourse?courses_id=1
in D:\OpenServer\domains\localhost\intuit(clone)\protected\views\courses\beginCourse.php (9)
in D:\OpenServer\domains\localhost\intuit(clone)\protected\controllers\CoursesController.php (29)
in D:\OpenServer\domains\localhost\intuit(clone)\index.php (13)
2015/03/28 14:03:14 [error] [php] Illegal string offset 'title' (D:\OpenServer\domains\localhost\intuit(clone)\protected\views\courses\beginCourse.php:10)
Stack trace:
#0 D:\OpenServer\domains\localhost\intuit(clone)\framework\web\CController.php(869): CoursesController->renderFile()
#1 D:\OpenServer\domains\localhost\intuit(clone)\framework\web\CController.php(782): CoursesController->renderPartial()
#2 D:\OpenServer\domains\localhost\intuit(clone)\protected\controllers\CoursesController.php(29): CoursesController->render()
#3 D:\OpenServer\domains\localhost\intuit(clone)\framework\web\actions\CInlineAction.php(49): CoursesController->actionBeginCourse()
#4 D:\OpenServer\domains\localhost\intuit(clone)\framework\web\CController.php(308): CInlineAction->runWithParams()
#5 D:\OpenServer\domains\localhost\intuit(clone)\framework\web\CController.php(286): CoursesController->runAction()
#6 D:\OpenServer\domains\localhost\intuit(clone)\framework\web\CController.php(265): CoursesController->runActionWithFilters()
#7 D:\OpenServer\domains\localhost\intuit(clone)\framework\web\CWebApplication.php(282): CoursesController->run()
#8 D:\OpenServer\domains\localhost\intuit(clone)\framework\web\CWebApplication.php(141): CWebApplication->runController()
#9 D:\OpenServer\domains\localhost\intuit(clone)\framework\base\CApplication.php(184): CWebApplication->processRequest()
#10 D:\OpenServer\domains\localhost\intuit(clone)\index.php(13): CWebApplication->run()
REQUEST_URI=/intuit(clone)/Courses/beginCourse?courses_id=1
in D:\OpenServer\domains\localhost\intuit(clone)\protected\views\courses\beginCourse.php (10)
in D:\OpenServer\domains\localhost\intuit(clone)\protected\controllers\CoursesController.php (29)
in D:\OpenServer\domains\localhost\intuit(clone)\index.php (13)
2015/03/28 14:04:45 [error] [php] Illegal string offset 'title' (D:\OpenServer\domains\localhost\intuit(clone)\protected\views\courses\beginCourse.php:11)
Stack trace:
#0 D:\OpenServer\domains\localhost\intuit(clone)\framework\web\CController.php(869): CoursesController->renderFile()
#1 D:\OpenServer\domains\localhost\intuit(clone)\framework\web\CController.php(782): CoursesController->renderPartial()
#2 D:\OpenServer\domains\localhost\intuit(clone)\protected\controllers\CoursesController.php(31): CoursesController->render()
#3 D:\OpenServer\domains\localhost\intuit(clone)\framework\web\actions\CInlineAction.php(49): CoursesController->actionBeginCourse()
#4 D:\OpenServer\domains\localhost\intuit(clone)\framework\web\CController.php(308): CInlineAction->runWithParams()
#5 D:\OpenServer\domains\localhost\intuit(clone)\framework\web\CController.php(286): CoursesController->runAction()
#6 D:\OpenServer\domains\localhost\intuit(clone)\framework\web\CController.php(265): CoursesController->runActionWithFilters()
#7 D:\OpenServer\domains\localhost\intuit(clone)\framework\web\CWebApplication.php(282): CoursesController->run()
#8 D:\OpenServer\domains\localhost\intuit(clone)\framework\web\CWebApplication.php(141): CWebApplication->runController()
#9 D:\OpenServer\domains\localhost\intuit(clone)\framework\base\CApplication.php(184): CWebApplication->processRequest()
#10 D:\OpenServer\domains\localhost\intuit(clone)\index.php(13): CWebApplication->run()
REQUEST_URI=/intuit(clone)/Courses/beginCourse?courses_id=1
in D:\OpenServer\domains\localhost\intuit(clone)\protected\views\courses\beginCourse.php (11)
in D:\OpenServer\domains\localhost\intuit(clone)\protected\controllers\CoursesController.php (31)
in D:\OpenServer\domains\localhost\intuit(clone)\index.php (13)
2015/03/28 14:05:28 [error] [php] Illegal string offset 'title' (D:\OpenServer\domains\localhost\intuit(clone)\protected\views\courses\beginCourse.php:11)
Stack trace:
#0 D:\OpenServer\domains\localhost\intuit(clone)\framework\web\CController.php(869): CoursesController->renderFile()
#1 D:\OpenServer\domains\localhost\intuit(clone)\framework\web\CController.php(782): CoursesController->renderPartial()
#2 D:\OpenServer\domains\localhost\intuit(clone)\protected\controllers\CoursesController.php(29): CoursesController->render()
#3 D:\OpenServer\domains\localhost\intuit(clone)\framework\web\actions\CInlineAction.php(49): CoursesController->actionBeginCourse()
#4 D:\OpenServer\domains\localhost\intuit(clone)\framework\web\CController.php(308): CInlineAction->runWithParams()
#5 D:\OpenServer\domains\localhost\intuit(clone)\framework\web\CController.php(286): CoursesController->runAction()
#6 D:\OpenServer\domains\localhost\intuit(clone)\framework\web\CController.php(265): CoursesController->runActionWithFilters()
#7 D:\OpenServer\domains\localhost\intuit(clone)\framework\web\CWebApplication.php(282): CoursesController->run()
#8 D:\OpenServer\domains\localhost\intuit(clone)\framework\web\CWebApplication.php(141): CWebApplication->runController()
#9 D:\OpenServer\domains\localhost\intuit(clone)\framework\base\CApplication.php(184): CWebApplication->processRequest()
#10 D:\OpenServer\domains\localhost\intuit(clone)\index.php(13): CWebApplication->run()
REQUEST_URI=/intuit(clone)/Courses/beginCourse?courses_id=1
in D:\OpenServer\domains\localhost\intuit(clone)\protected\views\courses\beginCourse.php (11)
in D:\OpenServer\domains\localhost\intuit(clone)\protected\controllers\CoursesController.php (29)
in D:\OpenServer\domains\localhost\intuit(clone)\index.php (13)
2015/04/04 20:01:16 [error] [exception.CException] exception 'CException' with message 'Property "Answers.form_answer" is not defined.' in D:\OpenServer\domains\localhost\intuit(clone)\framework\base\CComponent.php:173
Stack trace:
#0 D:\OpenServer\domains\localhost\intuit(clone)\framework\db\ar\CActiveRecord.php(161): CComponent->__set('form_answer', 'a:3:{s:12:"open...')
#1 D:\OpenServer\domains\localhost\intuit(clone)\protected\controllers\CoursesController.php(24): CActiveRecord->__set('form_answer', 'a:3:{s:12:"open...')
#2 D:\OpenServer\domains\localhost\intuit(clone)\framework\web\actions\CInlineAction.php(49): CoursesController->actionBeginCourse()
#3 D:\OpenServer\domains\localhost\intuit(clone)\framework\web\CController.php(308): CInlineAction->runWithParams(Array)
#4 D:\OpenServer\domains\localhost\intuit(clone)\framework\web\CController.php(286): CController->runAction(Object(CInlineAction))
#5 D:\OpenServer\domains\localhost\intuit(clone)\framework\web\CController.php(265): CController->runActionWithFilters(Object(CInlineAction), Array)
#6 D:\OpenServer\domains\localhost\intuit(clone)\framework\web\CWebApplication.php(282): CController->run('beginCourse')
#7 D:\OpenServer\domains\localhost\intuit(clone)\framework\web\CWebApplication.php(141): CWebApplication->runController('Courses/beginCo...')
#8 D:\OpenServer\domains\localhost\intuit(clone)\framework\base\CApplication.php(184): CWebApplication->processRequest()
#9 D:\OpenServer\domains\localhost\intuit(clone)\index.php(13): CApplication->run()
#10 {main}
REQUEST_URI=/intuit(clone)/Courses/beginCourse?courses_id=1
HTTP_REFERER=http://localhost/intuit(clone)/Courses/beginCourse?courses_id=1
---
